2025-06-04 17:35:25 [127.0.0.1][-][igkc1n4sfe7oeavn94nvaofhmb][error][yii\base\UnknownPropertyException] yii\base\UnknownPropertyException: Setting unknown property: yii\jui\DatePicker::pluginOptions in C:\wamp2\www\emp-manage\vendor\yiisoft\yii2\base\Component.php:221
Stack trace:
#0 C:\wamp2\www\emp-manage\vendor\yiisoft\yii2\BaseYii.php(557): yii\base\Component->__set('pluginOptions', Array)
#1 C:\wamp2\www\emp-manage\vendor\yiisoft\yii2\base\BaseObject.php(107): yii\BaseYii::configure(Object(yii\jui\DatePicker), Array)
#2 [internal function]: yii\base\BaseObject->__construct(Array)
#3 C:\wamp2\www\emp-manage\vendor\yiisoft\yii2\di\Container.php(419): ReflectionClass->newInstanceArgs(Array)
#4 C:\wamp2\www\emp-manage\vendor\yiisoft\yii2\di\Container.php(170): yii\di\Container->build('yii\\jui\\DatePic...', Array, Array)
#5 C:\wamp2\www\emp-manage\vendor\yiisoft\yii2\BaseYii.php(365): yii\di\Container->get('yii\\jui\\DatePic...', Array, Array)
#6 C:\wamp2\www\emp-manage\vendor\yiisoft\yii2\base\Widget.php(146): yii\BaseYii::createObject(Array)
#7 C:\wamp2\www\emp-manage\views\employee\index.php(55): yii\base\Widget::widget(Array)
#8 C:\wamp2\www\emp-manage\vendor\yiisoft\yii2\base\View.php(348): require('C:\\wamp2\\www\\em...')
#9 C:\wamp2\www\emp-manage\vendor\yiisoft\yii2\base\View.php(258): yii\base\View->renderPhpFile('C:\\wamp2\\www\\em...', Array)
#10 C:\wamp2\www\emp-manage\vendor\yiisoft\yii2\base\View.php(157): yii\base\View->renderFile('C:\\wamp2\\www\\em...', Array, Object(app\controllers\EmployeeController))
#11 C:\wamp2\www\emp-manage\vendor\yiisoft\yii2\base\Controller.php(407): yii\base\View->render('index', Array, Object(app\controllers\EmployeeController))
#12 C:\wamp2\www\emp-manage\controllers\EmployeeController.php(44): yii\base\Controller->render('index', Array)
#13 [internal function]: app\controllers\EmployeeController->actionIndex()
#14 C:\wamp2\www\emp-manage\vendor\yiisoft\yii2\base\InlineAction.php(57): call_user_func_array(Array, Array)
#15 C:\wamp2\www\emp-manage\vendor\yiisoft\yii2\base\Controller.php(178): yii\base\InlineAction->runWithParams(Array)
#16 C:\wamp2\www\emp-manage\vendor\yiisoft\yii2\base\Module.php(552): yii\base\Controller->runAction('index', Array)
#17 C:\wamp2\www\emp-manage\vendor\yiisoft\yii2\web\Application.php(103): yii\base\Module->runAction('employee/index', Array)
#18 C:\wamp2\www\emp-manage\vendor\yiisoft\yii2\base\Application.php(384): yii\web\Application->handleRequest(Object(yii\web\Request))
#19 C:\wamp2\www\emp-manage\web\index.php(12): yii\base\Application->run()
#20 {main}
2025-06-04 17:35:25 [127.0.0.1][-][igkc1n4sfe7oeavn94nvaofhmb][info][application] $_GET = []

$_POST = []

$_FILES = []

$_COOKIE = [
    'PHPSESSID' => 'igkc1n4sfe7oeavn94nvaofhmb'
    '_csrf' => '397b2ed665877c6449fdc72293b102cb74de99d2702cee7c8a275417e28a936fa:2:{i:0;s:5:\"_csrf\";i:1;s:32:\"g3vAf8NlysAyvPbeouuot1yTqHOv0f_L\";}'
]

$_SESSION = [
    'passadd' => 638343961
    '__flash' => []
    '__captcha/site/captcha' => 'eanwyay'
    '__captcha/site/captchacount' => 1
]

$_SERVER = [
    'REDIRECT_STATUS' => '200'
    'HTTP_HOST' => 'localhost'
    'HTTP_USER_AGENT' => 'Mozilla/5.0 (Windows NT 10.0; Win64; x64; rv:138.0) Gecko/20100101 Firefox/138.0'
    'HTTP_ACCEPT' => 'text/html,application/xhtml+xml,application/xml;q=0.9,*/*;q=0.8'
    'HTTP_ACCEPT_LANGUAGE' => 'en-US,en;q=0.5'
    'HTTP_ACCEPT_ENCODING' => 'gzip, deflate, br, zstd'
    'HTTP_REFERER' => 'http://localhost/emp-manage/web/employee/create'
    'HTTP_CONNECTION' => 'keep-alive'
    'HTTP_COOKIE' => 'PHPSESSID=igkc1n4sfe7oeavn94nvaofhmb; _csrf=397b2ed665877c6449fdc72293b102cb74de99d2702cee7c8a275417e28a936fa%3A2%3A%7Bi%3A0%3Bs%3A5%3A%22_csrf%22%3Bi%3A1%3Bs%3A32%3A%22g3vAf8NlysAyvPbeouuot1yTqHOv0f_L%22%3B%7D'
    'HTTP_UPGRADE_INSECURE_REQUESTS' => '1'
    'HTTP_SEC_FETCH_DEST' => 'document'
    'HTTP_SEC_FETCH_MODE' => 'navigate'
    'HTTP_SEC_FETCH_SITE' => 'same-origin'
    'HTTP_SEC_FETCH_USER' => '?1'
    'HTTP_PRIORITY' => 'u=0, i'
    'PATH' => 'C:\\Program Files\\Python38\\Scripts\\;C:\\Program Files\\Python38\\;C:\\WINDOWS\\system32;C:\\WINDOWS;C:\\WINDOWS\\System32\\Wbem;C:\\WINDOWS\\System32\\WindowsPowerShell\\v1.0\\;C:\\WINDOWS\\System32\\OpenSSH\\;C:\\Program Files\\nodejs\\;C:\\Program Files\\dotnet\\;C:\\wamp2\\bin\\php\\php8.2.18;C:\\ProgramData\\ComposerSetup\\bin;C:\\Program Files\\Git\\cmd;C:\\Program Files\\Docker\\Docker\\resources\\bin;C:\\WINDOWS\\system32\\config\\systemprofile\\AppData\\Local\\Microsoft\\WindowsApps'
    'SystemRoot' => 'C:\\WINDOWS'
    'COMSPEC' => 'C:\\WINDOWS\\system32\\cmd.exe'
    'PATHEXT' => '.COM;.EXE;.BAT;.CMD;.VBS;.VBE;.JS;.JSE;.WSF;.WSH;.MSC;.PY;.PYW'
    'WINDIR' => 'C:\\WINDOWS'
    'SERVER_SIGNATURE' => '<address>Apache/2.4.59 (Win64) PHP/8.2.18 mod_fcgid/2.3.10-dev Server at localhost Port 80</address>
'
    'SERVER_SOFTWARE' => 'Apache/2.4.59 (Win64) PHP/8.2.18 mod_fcgid/2.3.10-dev'
    'SERVER_NAME' => 'localhost'
    'SERVER_ADDR' => '127.0.0.1'
    'SERVER_PORT' => '80'
    'REMOTE_ADDR' => '127.0.0.1'
    'DOCUMENT_ROOT' => 'C:/wamp2/www'
    'REQUEST_SCHEME' => 'http'
    'CONTEXT_PREFIX' => ''
    'CONTEXT_DOCUMENT_ROOT' => 'C:/wamp2/www'
    'SERVER_ADMIN' => 'wampserver@wampserver.invalid'
    'SCRIPT_FILENAME' => 'C:/wamp2/www/emp-manage/web/index.php'
    'REMOTE_PORT' => '61672'
    'REDIRECT_URL' => '/emp-manage/web/employee/index'
    'GATEWAY_INTERFACE' => 'CGI/1.1'
    'SERVER_PROTOCOL' => 'HTTP/1.1'
    'REQUEST_METHOD' => 'GET'
    'QUERY_STRING' => ''
    'REQUEST_URI' => '/emp-manage/web/employee/index'
    'SCRIPT_NAME' => '/emp-manage/web/index.php'
    'PHP_SELF' => '/emp-manage/web/index.php'
    'REQUEST_TIME_FLOAT' => 1749058525.5783
    'REQUEST_TIME' => 1749058525
]
2025-06-04 17:48:22 [127.0.0.1][-][igkc1n4sfe7oeavn94nvaofhmb][error][yii\base\ErrorException:2] yii\base\ErrorException: Undefined variable $model in C:\wamp2\www\emp-manage\views\employee\index.php:47
Stack trace:
#0 C:\wamp2\www\emp-manage\views\employee\index.php(47): yii\web\ErrorHandler->handleError(code: '2', message: ''Undefined vari...', file: ''C:\\\\wamp2\\\\www...', line: '47')
#1 C:\wamp2\www\emp-manage\vendor\yiisoft\yii2\base\View.php(348): yii\web\View->unknown()
#2 C:\wamp2\www\emp-manage\vendor\yiisoft\yii2\base\View.php(258): yii\web\View->renderPhpFile(_file_: ''C:\\\\wamp2\\\\www...', _params_: '['searchModel' ...')
#3 C:\wamp2\www\emp-manage\vendor\yiisoft\yii2\base\View.php(157): yii\web\View->renderFile(viewFile: ''C:\\\\wamp2\\\\www...', params: '['searchModel' ...', context: 'class app\\contr...')
#4 C:\wamp2\www\emp-manage\vendor\yiisoft\yii2\base\Controller.php(407): yii\web\View->render(view: ''index'', params: '['searchModel' ...', context: 'class app\\contr...')
#5 C:\wamp2\www\emp-manage\controllers\EmployeeController.php(44): app\controllers\EmployeeController->render(view: ''index'', params: '['searchModel' ...')
#6 C:\wamp2\www\emp-manage\vendor\yiisoft\yii2\base\InlineAction.php(57): app\controllers\EmployeeController->actionIndex()
#7 C:\wamp2\www\emp-manage\vendor\yiisoft\yii2\base\InlineAction.php(57): ::call_user_func_array:{C:\wamp2\www\emp-manage\vendor\yiisoft\yii2\base\InlineAction.php:57}(callback: '[0 => class app...', args: '[]')
#8 C:\wamp2\www\emp-manage\vendor\yiisoft\yii2\base\Controller.php(178): yii\base\InlineAction->runWithParams(params: '['EmployeeSearc...')
#9 C:\wamp2\www\emp-manage\vendor\yiisoft\yii2\base\Module.php(552): app\controllers\EmployeeController->runAction(id: ''index'', params: '['EmployeeSearc...')
#10 C:\wamp2\www\emp-manage\vendor\yiisoft\yii2\web\Application.php(103): yii\web\Application->runAction(route: ''employee/index...', params: '['EmployeeSearc...')
#11 C:\wamp2\www\emp-manage\vendor\yiisoft\yii2\base\Application.php(384): yii\web\Application->handleRequest(request: 'class yii\\web\\R...')
#12 C:\wamp2\www\emp-manage\web\index.php(12): yii\web\Application->run()
#13 {main}
2025-06-04 17:48:22 [127.0.0.1][-][igkc1n4sfe7oeavn94nvaofhmb][info][application] $_GET = [
    'EmployeeSearch' => [
        'fullName' => ''
        'email' => ''
        'phone' => ''
        'department' => ''
        'position' => ''
        'salary' => ''
        'hire_date' => ''
        'status' => ''
    ]
]

$_POST = []

$_FILES = []

$_COOKIE = [
    'PHPSESSID' => 'igkc1n4sfe7oeavn94nvaofhmb'
    '_csrf' => '397b2ed665877c6449fdc72293b102cb74de99d2702cee7c8a275417e28a936fa:2:{i:0;s:5:\"_csrf\";i:1;s:32:\"g3vAf8NlysAyvPbeouuot1yTqHOv0f_L\";}'
]

$_SESSION = [
    'passadd' => 638343961
    '__flash' => []
    '__captcha/site/captcha' => 'eanwyay'
    '__captcha/site/captchacount' => 1
]

$_SERVER = [
    'REDIRECT_STATUS' => '200'
    'HTTP_HOST' => 'localhost'
    'HTTP_USER_AGENT' => 'Mozilla/5.0 (Windows NT 10.0; Win64; x64; rv:138.0) Gecko/20100101 Firefox/138.0'
    'HTTP_ACCEPT' => 'text/html,application/xhtml+xml,application/xml;q=0.9,*/*;q=0.8'
    'HTTP_ACCEPT_LANGUAGE' => 'en-US,en;q=0.5'
    'HTTP_ACCEPT_ENCODING' => 'gzip, deflate, br, zstd'
    'HTTP_REFERER' => 'http://localhost/emp-manage/web/employee/index?EmployeeSearch%5BfullName%5D=&EmployeeSearch%5Bemail%5D=&EmployeeSearch%5Bphone%5D=&EmployeeSearch%5Bdepartment%5D=1&EmployeeSearch%5Bposition%5D=&EmployeeSearch%5Bsalary%5D=&EmployeeSearch%5Bhire_date%5D=&EmployeeSearch%5Bstatus%5D='
    'HTTP_CONNECTION' => 'keep-alive'
    'HTTP_COOKIE' => 'PHPSESSID=igkc1n4sfe7oeavn94nvaofhmb; _csrf=397b2ed665877c6449fdc72293b102cb74de99d2702cee7c8a275417e28a936fa%3A2%3A%7Bi%3A0%3Bs%3A5%3A%22_csrf%22%3Bi%3A1%3Bs%3A32%3A%22g3vAf8NlysAyvPbeouuot1yTqHOv0f_L%22%3B%7D'
    'HTTP_UPGRADE_INSECURE_REQUESTS' => '1'
    'HTTP_SEC_FETCH_DEST' => 'document'
    'HTTP_SEC_FETCH_MODE' => 'navigate'
    'HTTP_SEC_FETCH_SITE' => 'same-origin'
    'HTTP_SEC_FETCH_USER' => '?1'
    'HTTP_PRIORITY' => 'u=0, i'
    'PATH' => 'C:\\Program Files\\Python38\\Scripts\\;C:\\Program Files\\Python38\\;C:\\WINDOWS\\system32;C:\\WINDOWS;C:\\WINDOWS\\System32\\Wbem;C:\\WINDOWS\\System32\\WindowsPowerShell\\v1.0\\;C:\\WINDOWS\\System32\\OpenSSH\\;C:\\Program Files\\nodejs\\;C:\\Program Files\\dotnet\\;C:\\wamp2\\bin\\php\\php8.2.18;C:\\ProgramData\\ComposerSetup\\bin;C:\\Program Files\\Git\\cmd;C:\\Program Files\\Docker\\Docker\\resources\\bin;C:\\WINDOWS\\system32\\config\\systemprofile\\AppData\\Local\\Microsoft\\WindowsApps'
    'SystemRoot' => 'C:\\WINDOWS'
    'COMSPEC' => 'C:\\WINDOWS\\system32\\cmd.exe'
    'PATHEXT' => '.COM;.EXE;.BAT;.CMD;.VBS;.VBE;.JS;.JSE;.WSF;.WSH;.MSC;.PY;.PYW'
    'WINDIR' => 'C:\\WINDOWS'
    'SERVER_SIGNATURE' => '<address>Apache/2.4.59 (Win64) PHP/8.2.18 mod_fcgid/2.3.10-dev Server at localhost Port 80</address>
'
    'SERVER_SOFTWARE' => 'Apache/2.4.59 (Win64) PHP/8.2.18 mod_fcgid/2.3.10-dev'
    'SERVER_NAME' => 'localhost'
    'SERVER_ADDR' => '127.0.0.1'
    'SERVER_PORT' => '80'
    'REMOTE_ADDR' => '127.0.0.1'
    'DOCUMENT_ROOT' => 'C:/wamp2/www'
    'REQUEST_SCHEME' => 'http'
    'CONTEXT_PREFIX' => ''
    'CONTEXT_DOCUMENT_ROOT' => 'C:/wamp2/www'
    'SERVER_ADMIN' => 'wampserver@wampserver.invalid'
    'SCRIPT_FILENAME' => 'C:/wamp2/www/emp-manage/web/index.php'
    'REMOTE_PORT' => '61808'
    'REDIRECT_URL' => '/emp-manage/web/employee/index'
    'REDIRECT_QUERY_STRING' => 'EmployeeSearch%5BfullName%5D=&EmployeeSearch%5Bemail%5D=&EmployeeSearch%5Bphone%5D=&EmployeeSearch%5Bdepartment%5D=&EmployeeSearch%5Bposition%5D=&EmployeeSearch%5Bsalary%5D=&EmployeeSearch%5Bhire_date%5D=&EmployeeSearch%5Bstatus%5D='
    'GATEWAY_INTERFACE' => 'CGI/1.1'
    'SERVER_PROTOCOL' => 'HTTP/1.1'
    'REQUEST_METHOD' => 'GET'
    'QUERY_STRING' => 'EmployeeSearch%5BfullName%5D=&EmployeeSearch%5Bemail%5D=&EmployeeSearch%5Bphone%5D=&EmployeeSearch%5Bdepartment%5D=&EmployeeSearch%5Bposition%5D=&EmployeeSearch%5Bsalary%5D=&EmployeeSearch%5Bhire_date%5D=&EmployeeSearch%5Bstatus%5D='
    'REQUEST_URI' => '/emp-manage/web/employee/index?EmployeeSearch%5BfullName%5D=&EmployeeSearch%5Bemail%5D=&EmployeeSearch%5Bphone%5D=&EmployeeSearch%5Bdepartment%5D=&EmployeeSearch%5Bposition%5D=&EmployeeSearch%5Bsalary%5D=&EmployeeSearch%5Bhire_date%5D=&EmployeeSearch%5Bstatus%5D='
    'SCRIPT_NAME' => '/emp-manage/web/index.php'
    'PHP_SELF' => '/emp-manage/web/index.php'
    'REQUEST_TIME_FLOAT' => 1749059302.8303
    'REQUEST_TIME' => 1749059302
]
2025-06-04 17:57:10 [127.0.0.1][-][igkc1n4sfe7oeavn94nvaofhmb][error][yii\base\InvalidArgumentException] yii\base\InvalidArgumentException: Unknown format type: tel in C:\wamp2\www\emp-manage\vendor\yiisoft\yii2\i18n\Formatter.php:466
Stack trace:
#0 C:\wamp2\www\emp-manage\vendor\yiisoft\yii2\widgets\DetailView.php(180): yii\i18n\Formatter->format('8844884488', 'tel')
#1 C:\wamp2\www\emp-manage\vendor\yiisoft\yii2\widgets\DetailView.php(159): yii\widgets\DetailView->renderAttribute(Array, 4)
#2 C:\wamp2\www\emp-manage\vendor\yiisoft\yii2\base\Widget.php(149): yii\widgets\DetailView->run()
#3 C:\wamp2\www\emp-manage\views\employee\view.php(29): yii\base\Widget::widget(Array)
#4 C:\wamp2\www\emp-manage\vendor\yiisoft\yii2\base\View.php(348): require('C:\\wamp2\\www\\em...')
#5 C:\wamp2\www\emp-manage\vendor\yiisoft\yii2\base\View.php(258): yii\base\View->renderPhpFile('C:\\wamp2\\www\\em...', Array)
#6 C:\wamp2\www\emp-manage\vendor\yiisoft\yii2\base\View.php(157): yii\base\View->renderFile('C:\\wamp2\\www\\em...', Array, Object(app\controllers\EmployeeController))
#7 C:\wamp2\www\emp-manage\vendor\yiisoft\yii2\base\Controller.php(407): yii\base\View->render('view', Array, Object(app\controllers\EmployeeController))
#8 C:\wamp2\www\emp-manage\controllers\EmployeeController.php(58): yii\base\Controller->render('view', Array)
#9 [internal function]: app\controllers\EmployeeController->actionView('1')
#10 C:\wamp2\www\emp-manage\vendor\yiisoft\yii2\base\InlineAction.php(57): call_user_func_array(Array, Array)
#11 C:\wamp2\www\emp-manage\vendor\yiisoft\yii2\base\Controller.php(178): yii\base\InlineAction->runWithParams(Array)
#12 C:\wamp2\www\emp-manage\vendor\yiisoft\yii2\base\Module.php(552): yii\base\Controller->runAction('view', Array)
#13 C:\wamp2\www\emp-manage\vendor\yiisoft\yii2\web\Application.php(103): yii\base\Module->runAction('employee/view', Array)
#14 C:\wamp2\www\emp-manage\vendor\yiisoft\yii2\base\Application.php(384): yii\web\Application->handleRequest(Object(yii\web\Request))
#15 C:\wamp2\www\emp-manage\web\index.php(12): yii\base\Application->run()
#16 {main}
2025-06-04 17:57:09 [127.0.0.1][-][igkc1n4sfe7oeavn94nvaofhmb][info][application] $_GET = [
    'id' => '1'
]

$_POST = []

$_FILES = []

$_COOKIE = [
    'PHPSESSID' => 'igkc1n4sfe7oeavn94nvaofhmb'
    '_csrf' => '397b2ed665877c6449fdc72293b102cb74de99d2702cee7c8a275417e28a936fa:2:{i:0;s:5:\"_csrf\";i:1;s:32:\"g3vAf8NlysAyvPbeouuot1yTqHOv0f_L\";}'
]

$_SESSION = [
    'passadd' => 638343961
    '__flash' => []
    '__captcha/site/captcha' => 'eanwyay'
    '__captcha/site/captchacount' => 1
]

$_SERVER = [
    'REDIRECT_STATUS' => '200'
    'HTTP_HOST' => 'localhost'
    'HTTP_USER_AGENT' => 'Mozilla/5.0 (Windows NT 10.0; Win64; x64; rv:138.0) Gecko/20100101 Firefox/138.0'
    'HTTP_ACCEPT' => 'text/html,application/xhtml+xml,application/xml;q=0.9,*/*;q=0.8'
    'HTTP_ACCEPT_LANGUAGE' => 'en-US,en;q=0.5'
    'HTTP_ACCEPT_ENCODING' => 'gzip, deflate, br, zstd'
    'HTTP_REFERER' => 'http://localhost/emp-manage/web/employee/index'
    'HTTP_CONNECTION' => 'keep-alive'
    'HTTP_COOKIE' => 'PHPSESSID=igkc1n4sfe7oeavn94nvaofhmb; _csrf=397b2ed665877c6449fdc72293b102cb74de99d2702cee7c8a275417e28a936fa%3A2%3A%7Bi%3A0%3Bs%3A5%3A%22_csrf%22%3Bi%3A1%3Bs%3A32%3A%22g3vAf8NlysAyvPbeouuot1yTqHOv0f_L%22%3B%7D'
    'HTTP_UPGRADE_INSECURE_REQUESTS' => '1'
    'HTTP_SEC_FETCH_DEST' => 'document'
    'HTTP_SEC_FETCH_MODE' => 'navigate'
    'HTTP_SEC_FETCH_SITE' => 'same-origin'
    'HTTP_SEC_FETCH_USER' => '?1'
    'HTTP_PRIORITY' => 'u=0, i'
    'PATH' => 'C:\\Program Files\\Python38\\Scripts\\;C:\\Program Files\\Python38\\;C:\\WINDOWS\\system32;C:\\WINDOWS;C:\\WINDOWS\\System32\\Wbem;C:\\WINDOWS\\System32\\WindowsPowerShell\\v1.0\\;C:\\WINDOWS\\System32\\OpenSSH\\;C:\\Program Files\\nodejs\\;C:\\Program Files\\dotnet\\;C:\\wamp2\\bin\\php\\php8.2.18;C:\\ProgramData\\ComposerSetup\\bin;C:\\Program Files\\Git\\cmd;C:\\Program Files\\Docker\\Docker\\resources\\bin;C:\\WINDOWS\\system32\\config\\systemprofile\\AppData\\Local\\Microsoft\\WindowsApps'
    'SystemRoot' => 'C:\\WINDOWS'
    'COMSPEC' => 'C:\\WINDOWS\\system32\\cmd.exe'
    'PATHEXT' => '.COM;.EXE;.BAT;.CMD;.VBS;.VBE;.JS;.JSE;.WSF;.WSH;.MSC;.PY;.PYW'
    'WINDIR' => 'C:\\WINDOWS'
    'SERVER_SIGNATURE' => '<address>Apache/2.4.59 (Win64) PHP/8.2.18 mod_fcgid/2.3.10-dev Server at localhost Port 80</address>
'
    'SERVER_SOFTWARE' => 'Apache/2.4.59 (Win64) PHP/8.2.18 mod_fcgid/2.3.10-dev'
    'SERVER_NAME' => 'localhost'
    'SERVER_ADDR' => '127.0.0.1'
    'SERVER_PORT' => '80'
    'REMOTE_ADDR' => '127.0.0.1'
    'DOCUMENT_ROOT' => 'C:/wamp2/www'
    'REQUEST_SCHEME' => 'http'
    'CONTEXT_PREFIX' => ''
    'CONTEXT_DOCUMENT_ROOT' => 'C:/wamp2/www'
    'SERVER_ADMIN' => 'wampserver@wampserver.invalid'
    'SCRIPT_FILENAME' => 'C:/wamp2/www/emp-manage/web/index.php'
    'REMOTE_PORT' => '61904'
    'REDIRECT_URL' => '/emp-manage/web/employee/view'
    'REDIRECT_QUERY_STRING' => 'id=1'
    'GATEWAY_INTERFACE' => 'CGI/1.1'
    'SERVER_PROTOCOL' => 'HTTP/1.1'
    'REQUEST_METHOD' => 'GET'
    'QUERY_STRING' => 'id=1'
    'REQUEST_URI' => '/emp-manage/web/employee/view?id=1'
    'SCRIPT_NAME' => '/emp-manage/web/index.php'
    'PHP_SELF' => '/emp-manage/web/index.php'
    'REQUEST_TIME_FLOAT' => 1749059829.9707
    'REQUEST_TIME' => 1749059829
]
2025-06-04 17:57:22 [127.0.0.1][-][igkc1n4sfe7oeavn94nvaofhmb][error][yii\base\InvalidArgumentException] yii\base\InvalidArgumentException: Unknown format type: tel in C:\wamp2\www\emp-manage\vendor\yiisoft\yii2\i18n\Formatter.php:466
Stack trace:
#0 C:\wamp2\www\emp-manage\vendor\yiisoft\yii2\widgets\DetailView.php(180): yii\i18n\Formatter->format('8844884488', 'tel')
#1 C:\wamp2\www\emp-manage\vendor\yiisoft\yii2\widgets\DetailView.php(159): yii\widgets\DetailView->renderAttribute(Array, 4)
#2 C:\wamp2\www\emp-manage\vendor\yiisoft\yii2\base\Widget.php(149): yii\widgets\DetailView->run()
#3 C:\wamp2\www\emp-manage\views\employee\view.php(29): yii\base\Widget::widget(Array)
#4 C:\wamp2\www\emp-manage\vendor\yiisoft\yii2\base\View.php(348): require('C:\\wamp2\\www\\em...')
#5 C:\wamp2\www\emp-manage\vendor\yiisoft\yii2\base\View.php(258): yii\base\View->renderPhpFile('C:\\wamp2\\www\\em...', Array)
#6 C:\wamp2\www\emp-manage\vendor\yiisoft\yii2\base\View.php(157): yii\base\View->renderFile('C:\\wamp2\\www\\em...', Array, Object(app\controllers\EmployeeController))
#7 C:\wamp2\www\emp-manage\vendor\yiisoft\yii2\base\Controller.php(407): yii\base\View->render('view', Array, Object(app\controllers\EmployeeController))
#8 C:\wamp2\www\emp-manage\controllers\EmployeeController.php(58): yii\base\Controller->render('view', Array)
#9 [internal function]: app\controllers\EmployeeController->actionView('1')
#10 C:\wamp2\www\emp-manage\vendor\yiisoft\yii2\base\InlineAction.php(57): call_user_func_array(Array, Array)
#11 C:\wamp2\www\emp-manage\vendor\yiisoft\yii2\base\Controller.php(178): yii\base\InlineAction->runWithParams(Array)
#12 C:\wamp2\www\emp-manage\vendor\yiisoft\yii2\base\Module.php(552): yii\base\Controller->runAction('view', Array)
#13 C:\wamp2\www\emp-manage\vendor\yiisoft\yii2\web\Application.php(103): yii\base\Module->runAction('employee/view', Array)
#14 C:\wamp2\www\emp-manage\vendor\yiisoft\yii2\base\Application.php(384): yii\web\Application->handleRequest(Object(yii\web\Request))
#15 C:\wamp2\www\emp-manage\web\index.php(12): yii\base\Application->run()
#16 {main}
2025-06-04 17:57:22 [127.0.0.1][-][igkc1n4sfe7oeavn94nvaofhmb][info][application] $_GET = [
    'id' => '1'
]

$_POST = []

$_FILES = []

$_COOKIE = [
    'PHPSESSID' => 'igkc1n4sfe7oeavn94nvaofhmb'
    '_csrf' => '397b2ed665877c6449fdc72293b102cb74de99d2702cee7c8a275417e28a936fa:2:{i:0;s:5:\"_csrf\";i:1;s:32:\"g3vAf8NlysAyvPbeouuot1yTqHOv0f_L\";}'
]

$_SESSION = [
    'passadd' => 638343961
    '__flash' => []
    '__captcha/site/captcha' => 'eanwyay'
    '__captcha/site/captchacount' => 1
]

$_SERVER = [
    'REDIRECT_STATUS' => '200'
    'HTTP_HOST' => 'localhost'
    'HTTP_USER_AGENT' => 'Mozilla/5.0 (Windows NT 10.0; Win64; x64; rv:138.0) Gecko/20100101 Firefox/138.0'
    'HTTP_ACCEPT' => 'text/html,application/xhtml+xml,application/xml;q=0.9,*/*;q=0.8'
    'HTTP_ACCEPT_LANGUAGE' => 'en-US,en;q=0.5'
    'HTTP_ACCEPT_ENCODING' => 'gzip, deflate, br, zstd'
    'HTTP_REFERER' => 'http://localhost/emp-manage/web/employee/index'
    'HTTP_CONNECTION' => 'keep-alive'
    'HTTP_COOKIE' => 'PHPSESSID=igkc1n4sfe7oeavn94nvaofhmb; _csrf=397b2ed665877c6449fdc72293b102cb74de99d2702cee7c8a275417e28a936fa%3A2%3A%7Bi%3A0%3Bs%3A5%3A%22_csrf%22%3Bi%3A1%3Bs%3A32%3A%22g3vAf8NlysAyvPbeouuot1yTqHOv0f_L%22%3B%7D'
    'HTTP_UPGRADE_INSECURE_REQUESTS' => '1'
    'HTTP_SEC_FETCH_DEST' => 'document'
    'HTTP_SEC_FETCH_MODE' => 'navigate'
    'HTTP_SEC_FETCH_SITE' => 'same-origin'
    'HTTP_SEC_FETCH_USER' => '?1'
    'HTTP_PRIORITY' => 'u=0, i'
    'PATH' => 'C:\\Program Files\\Python38\\Scripts\\;C:\\Program Files\\Python38\\;C:\\WINDOWS\\system32;C:\\WINDOWS;C:\\WINDOWS\\System32\\Wbem;C:\\WINDOWS\\System32\\WindowsPowerShell\\v1.0\\;C:\\WINDOWS\\System32\\OpenSSH\\;C:\\Program Files\\nodejs\\;C:\\Program Files\\dotnet\\;C:\\wamp2\\bin\\php\\php8.2.18;C:\\ProgramData\\ComposerSetup\\bin;C:\\Program Files\\Git\\cmd;C:\\Program Files\\Docker\\Docker\\resources\\bin;C:\\WINDOWS\\system32\\config\\systemprofile\\AppData\\Local\\Microsoft\\WindowsApps'
    'SystemRoot' => 'C:\\WINDOWS'
    'COMSPEC' => 'C:\\WINDOWS\\system32\\cmd.exe'
    'PATHEXT' => '.COM;.EXE;.BAT;.CMD;.VBS;.VBE;.JS;.JSE;.WSF;.WSH;.MSC;.PY;.PYW'
    'WINDIR' => 'C:\\WINDOWS'
    'SERVER_SIGNATURE' => '<address>Apache/2.4.59 (Win64) PHP/8.2.18 mod_fcgid/2.3.10-dev Server at localhost Port 80</address>
'
    'SERVER_SOFTWARE' => 'Apache/2.4.59 (Win64) PHP/8.2.18 mod_fcgid/2.3.10-dev'
    'SERVER_NAME' => 'localhost'
    'SERVER_ADDR' => '127.0.0.1'
    'SERVER_PORT' => '80'
    'REMOTE_ADDR' => '127.0.0.1'
    'DOCUMENT_ROOT' => 'C:/wamp2/www'
    'REQUEST_SCHEME' => 'http'
    'CONTEXT_PREFIX' => ''
    'CONTEXT_DOCUMENT_ROOT' => 'C:/wamp2/www'
    'SERVER_ADMIN' => 'wampserver@wampserver.invalid'
    'SCRIPT_FILENAME' => 'C:/wamp2/www/emp-manage/web/index.php'
    'REMOTE_PORT' => '61907'
    'REDIRECT_URL' => '/emp-manage/web/employee/view'
    'REDIRECT_QUERY_STRING' => 'id=1'
    'GATEWAY_INTERFACE' => 'CGI/1.1'
    'SERVER_PROTOCOL' => 'HTTP/1.1'
    'REQUEST_METHOD' => 'GET'
    'QUERY_STRING' => 'id=1'
    'REQUEST_URI' => '/emp-manage/web/employee/view?id=1'
    'SCRIPT_NAME' => '/emp-manage/web/index.php'
    'PHP_SELF' => '/emp-manage/web/index.php'
    'REQUEST_TIME_FLOAT' => 1749059842.279
    'REQUEST_TIME' => 1749059842
]
2025-06-04 17:57:29 [127.0.0.1][-][igkc1n4sfe7oeavn94nvaofhmb][error][yii\base\InvalidArgumentException] yii\base\InvalidArgumentException: Unknown format type: phone in C:\wamp2\www\emp-manage\vendor\yiisoft\yii2\i18n\Formatter.php:466
Stack trace:
#0 C:\wamp2\www\emp-manage\vendor\yiisoft\yii2\widgets\DetailView.php(180): yii\i18n\Formatter->format('8844884488', 'phone')
#1 C:\wamp2\www\emp-manage\vendor\yiisoft\yii2\widgets\DetailView.php(159): yii\widgets\DetailView->renderAttribute(Array, 4)
#2 C:\wamp2\www\emp-manage\vendor\yiisoft\yii2\base\Widget.php(149): yii\widgets\DetailView->run()
#3 C:\wamp2\www\emp-manage\views\employee\view.php(29): yii\base\Widget::widget(Array)
#4 C:\wamp2\www\emp-manage\vendor\yiisoft\yii2\base\View.php(348): require('C:\\wamp2\\www\\em...')
#5 C:\wamp2\www\emp-manage\vendor\yiisoft\yii2\base\View.php(258): yii\base\View->renderPhpFile('C:\\wamp2\\www\\em...', Array)
#6 C:\wamp2\www\emp-manage\vendor\yiisoft\yii2\base\View.php(157): yii\base\View->renderFile('C:\\wamp2\\www\\em...', Array, Object(app\controllers\EmployeeController))
#7 C:\wamp2\www\emp-manage\vendor\yiisoft\yii2\base\Controller.php(407): yii\base\View->render('view', Array, Object(app\controllers\EmployeeController))
#8 C:\wamp2\www\emp-manage\controllers\EmployeeController.php(58): yii\base\Controller->render('view', Array)
#9 [internal function]: app\controllers\EmployeeController->actionView('1')
#10 C:\wamp2\www\emp-manage\vendor\yiisoft\yii2\base\InlineAction.php(57): call_user_func_array(Array, Array)
#11 C:\wamp2\www\emp-manage\vendor\yiisoft\yii2\base\Controller.php(178): yii\base\InlineAction->runWithParams(Array)
#12 C:\wamp2\www\emp-manage\vendor\yiisoft\yii2\base\Module.php(552): yii\base\Controller->runAction('view', Array)
#13 C:\wamp2\www\emp-manage\vendor\yiisoft\yii2\web\Application.php(103): yii\base\Module->runAction('employee/view', Array)
#14 C:\wamp2\www\emp-manage\vendor\yiisoft\yii2\base\Application.php(384): yii\web\Application->handleRequest(Object(yii\web\Request))
#15 C:\wamp2\www\emp-manage\web\index.php(12): yii\base\Application->run()
#16 {main}
2025-06-04 17:57:29 [127.0.0.1][-][igkc1n4sfe7oeavn94nvaofhmb][info][application] $_GET = [
    'id' => '1'
]

$_POST = []

$_FILES = []

$_COOKIE = [
    'PHPSESSID' => 'igkc1n4sfe7oeavn94nvaofhmb'
    '_csrf' => '397b2ed665877c6449fdc72293b102cb74de99d2702cee7c8a275417e28a936fa:2:{i:0;s:5:\"_csrf\";i:1;s:32:\"g3vAf8NlysAyvPbeouuot1yTqHOv0f_L\";}'
]

$_SESSION = [
    'passadd' => 638343961
    '__flash' => []
    '__captcha/site/captcha' => 'eanwyay'
    '__captcha/site/captchacount' => 1
]

$_SERVER = [
    'REDIRECT_STATUS' => '200'
    'HTTP_HOST' => 'localhost'
    'HTTP_USER_AGENT' => 'Mozilla/5.0 (Windows NT 10.0; Win64; x64; rv:138.0) Gecko/20100101 Firefox/138.0'
    'HTTP_ACCEPT' => 'text/html,application/xhtml+xml,application/xml;q=0.9,*/*;q=0.8'
    'HTTP_ACCEPT_LANGUAGE' => 'en-US,en;q=0.5'
    'HTTP_ACCEPT_ENCODING' => 'gzip, deflate, br, zstd'
    'HTTP_REFERER' => 'http://localhost/emp-manage/web/employee/index'
    'HTTP_CONNECTION' => 'keep-alive'
    'HTTP_COOKIE' => 'PHPSESSID=igkc1n4sfe7oeavn94nvaofhmb; _csrf=397b2ed665877c6449fdc72293b102cb74de99d2702cee7c8a275417e28a936fa%3A2%3A%7Bi%3A0%3Bs%3A5%3A%22_csrf%22%3Bi%3A1%3Bs%3A32%3A%22g3vAf8NlysAyvPbeouuot1yTqHOv0f_L%22%3B%7D'
    'HTTP_UPGRADE_INSECURE_REQUESTS' => '1'
    'HTTP_SEC_FETCH_DEST' => 'document'
    'HTTP_SEC_FETCH_MODE' => 'navigate'
    'HTTP_SEC_FETCH_SITE' => 'same-origin'
    'HTTP_SEC_FETCH_USER' => '?1'
    'HTTP_PRIORITY' => 'u=0, i'
    'PATH' => 'C:\\Program Files\\Python38\\Scripts\\;C:\\Program Files\\Python38\\;C:\\WINDOWS\\system32;C:\\WINDOWS;C:\\WINDOWS\\System32\\Wbem;C:\\WINDOWS\\System32\\WindowsPowerShell\\v1.0\\;C:\\WINDOWS\\System32\\OpenSSH\\;C:\\Program Files\\nodejs\\;C:\\Program Files\\dotnet\\;C:\\wamp2\\bin\\php\\php8.2.18;C:\\ProgramData\\ComposerSetup\\bin;C:\\Program Files\\Git\\cmd;C:\\Program Files\\Docker\\Docker\\resources\\bin;C:\\WINDOWS\\system32\\config\\systemprofile\\AppData\\Local\\Microsoft\\WindowsApps'
    'SystemRoot' => 'C:\\WINDOWS'
    'COMSPEC' => 'C:\\WINDOWS\\system32\\cmd.exe'
    'PATHEXT' => '.COM;.EXE;.BAT;.CMD;.VBS;.VBE;.JS;.JSE;.WSF;.WSH;.MSC;.PY;.PYW'
    'WINDIR' => 'C:\\WINDOWS'
    'SERVER_SIGNATURE' => '<address>Apache/2.4.59 (Win64) PHP/8.2.18 mod_fcgid/2.3.10-dev Server at localhost Port 80</address>
'
    'SERVER_SOFTWARE' => 'Apache/2.4.59 (Win64) PHP/8.2.18 mod_fcgid/2.3.10-dev'
    'SERVER_NAME' => 'localhost'
    'SERVER_ADDR' => '127.0.0.1'
    'SERVER_PORT' => '80'
    'REMOTE_ADDR' => '127.0.0.1'
    'DOCUMENT_ROOT' => 'C:/wamp2/www'
    'REQUEST_SCHEME' => 'http'
    'CONTEXT_PREFIX' => ''
    'CONTEXT_DOCUMENT_ROOT' => 'C:/wamp2/www'
    'SERVER_ADMIN' => 'wampserver@wampserver.invalid'
    'SCRIPT_FILENAME' => 'C:/wamp2/www/emp-manage/web/index.php'
    'REMOTE_PORT' => '61911'
    'REDIRECT_URL' => '/emp-manage/web/employee/view'
    'REDIRECT_QUERY_STRING' => 'id=1'
    'GATEWAY_INTERFACE' => 'CGI/1.1'
    'SERVER_PROTOCOL' => 'HTTP/1.1'
    'REQUEST_METHOD' => 'GET'
    'QUERY_STRING' => 'id=1'
    'REQUEST_URI' => '/emp-manage/web/employee/view?id=1'
    'SCRIPT_NAME' => '/emp-manage/web/index.php'
    'PHP_SELF' => '/emp-manage/web/index.php'
    'REQUEST_TIME_FLOAT' => 1749059849.7517
    'REQUEST_TIME' => 1749059849
]
2025-06-04 18:04:43 [127.0.0.1][-][igkc1n4sfe7oeavn94nvaofhmb][error][yii\base\UnknownPropertyException] yii\base\UnknownPropertyException: Setting unknown property: yii\grid\GridView::exportable in C:\wamp2\www\emp-manage\vendor\yiisoft\yii2\base\Component.php:221
Stack trace:
#0 C:\wamp2\www\emp-manage\vendor\yiisoft\yii2\BaseYii.php(557): yii\base\Component->__set('exportable', true)
#1 C:\wamp2\www\emp-manage\vendor\yiisoft\yii2\base\BaseObject.php(107): yii\BaseYii::configure(Object(yii\grid\GridView), Array)
#2 [internal function]: yii\base\BaseObject->__construct(Array)
#3 C:\wamp2\www\emp-manage\vendor\yiisoft\yii2\di\Container.php(419): ReflectionClass->newInstanceArgs(Array)
#4 C:\wamp2\www\emp-manage\vendor\yiisoft\yii2\di\Container.php(170): yii\di\Container->build('yii\\grid\\GridVi...', Array, Array)
#5 C:\wamp2\www\emp-manage\vendor\yiisoft\yii2\BaseYii.php(365): yii\di\Container->get('yii\\grid\\GridVi...', Array, Array)
#6 C:\wamp2\www\emp-manage\vendor\yiisoft\yii2\base\Widget.php(146): yii\BaseYii::createObject(Array)
#7 C:\wamp2\www\emp-manage\views\employee\index.php(29): yii\base\Widget::widget(Array)
#8 C:\wamp2\www\emp-manage\vendor\yiisoft\yii2\base\View.php(348): require('C:\\wamp2\\www\\em...')
#9 C:\wamp2\www\emp-manage\vendor\yiisoft\yii2\base\View.php(258): yii\base\View->renderPhpFile('C:\\wamp2\\www\\em...', Array)
#10 C:\wamp2\www\emp-manage\vendor\yiisoft\yii2\base\View.php(157): yii\base\View->renderFile('C:\\wamp2\\www\\em...', Array, Object(app\controllers\EmployeeController))
#11 C:\wamp2\www\emp-manage\vendor\yiisoft\yii2\base\Controller.php(407): yii\base\View->render('index', Array, Object(app\controllers\EmployeeController))
#12 C:\wamp2\www\emp-manage\controllers\EmployeeController.php(44): yii\base\Controller->render('index', Array)
#13 [internal function]: app\controllers\EmployeeController->actionIndex()
#14 C:\wamp2\www\emp-manage\vendor\yiisoft\yii2\base\InlineAction.php(57): call_user_func_array(Array, Array)
#15 C:\wamp2\www\emp-manage\vendor\yiisoft\yii2\base\Controller.php(178): yii\base\InlineAction->runWithParams(Array)
#16 C:\wamp2\www\emp-manage\vendor\yiisoft\yii2\base\Module.php(552): yii\base\Controller->runAction('', Array)
#17 C:\wamp2\www\emp-manage\vendor\yiisoft\yii2\web\Application.php(103): yii\base\Module->runAction('employee', Array)
#18 C:\wamp2\www\emp-manage\vendor\yiisoft\yii2\base\Application.php(384): yii\web\Application->handleRequest(Object(yii\web\Request))
#19 C:\wamp2\www\emp-manage\web\index.php(12): yii\base\Application->run()
#20 {main}
2025-06-04 18:04:43 [127.0.0.1][-][igkc1n4sfe7oeavn94nvaofhmb][info][application] $_GET = []

$_POST = []

$_FILES = []

$_COOKIE = [
    'PHPSESSID' => 'igkc1n4sfe7oeavn94nvaofhmb'
    '_csrf' => '397b2ed665877c6449fdc72293b102cb74de99d2702cee7c8a275417e28a936fa:2:{i:0;s:5:\"_csrf\";i:1;s:32:\"g3vAf8NlysAyvPbeouuot1yTqHOv0f_L\";}'
]

$_SESSION = [
    'passadd' => 638343961
    '__flash' => []
    '__captcha/site/captcha' => 'eanwyay'
    '__captcha/site/captchacount' => 1
]

$_SERVER = [
    'REDIRECT_STATUS' => '200'
    'HTTP_HOST' => 'localhost'
    'HTTP_USER_AGENT' => 'Mozilla/5.0 (Windows NT 10.0; Win64; x64; rv:138.0) Gecko/20100101 Firefox/138.0'
    'HTTP_ACCEPT' => 'text/html,application/xhtml+xml,application/xml;q=0.9,*/*;q=0.8'
    'HTTP_ACCEPT_LANGUAGE' => 'en-US,en;q=0.5'
    'HTTP_ACCEPT_ENCODING' => 'gzip, deflate, br, zstd'
    'HTTP_REFERER' => 'http://localhost/emp-manage/web/site/login'
    'HTTP_CONNECTION' => 'keep-alive'
    'HTTP_COOKIE' => 'PHPSESSID=igkc1n4sfe7oeavn94nvaofhmb; _csrf=397b2ed665877c6449fdc72293b102cb74de99d2702cee7c8a275417e28a936fa%3A2%3A%7Bi%3A0%3Bs%3A5%3A%22_csrf%22%3Bi%3A1%3Bs%3A32%3A%22g3vAf8NlysAyvPbeouuot1yTqHOv0f_L%22%3B%7D'
    'HTTP_UPGRADE_INSECURE_REQUESTS' => '1'
    'HTTP_SEC_FETCH_DEST' => 'document'
    'HTTP_SEC_FETCH_MODE' => 'navigate'
    'HTTP_SEC_FETCH_SITE' => 'same-origin'
    'HTTP_SEC_FETCH_USER' => '?1'
    'HTTP_PRIORITY' => 'u=0, i'
    'PATH' => 'C:\\Program Files\\Python38\\Scripts\\;C:\\Program Files\\Python38\\;C:\\WINDOWS\\system32;C:\\WINDOWS;C:\\WINDOWS\\System32\\Wbem;C:\\WINDOWS\\System32\\WindowsPowerShell\\v1.0\\;C:\\WINDOWS\\System32\\OpenSSH\\;C:\\Program Files\\nodejs\\;C:\\Program Files\\dotnet\\;C:\\wamp2\\bin\\php\\php8.2.18;C:\\ProgramData\\ComposerSetup\\bin;C:\\Program Files\\Git\\cmd;C:\\Program Files\\Docker\\Docker\\resources\\bin;C:\\WINDOWS\\system32\\config\\systemprofile\\AppData\\Local\\Microsoft\\WindowsApps'
    'SystemRoot' => 'C:\\WINDOWS'
    'COMSPEC' => 'C:\\WINDOWS\\system32\\cmd.exe'
    'PATHEXT' => '.COM;.EXE;.BAT;.CMD;.VBS;.VBE;.JS;.JSE;.WSF;.WSH;.MSC;.PY;.PYW'
    'WINDIR' => 'C:\\WINDOWS'
    'SERVER_SIGNATURE' => '<address>Apache/2.4.59 (Win64) PHP/8.2.18 mod_fcgid/2.3.10-dev Server at localhost Port 80</address>
'
    'SERVER_SOFTWARE' => 'Apache/2.4.59 (Win64) PHP/8.2.18 mod_fcgid/2.3.10-dev'
    'SERVER_NAME' => 'localhost'
    'SERVER_ADDR' => '127.0.0.1'
    'SERVER_PORT' => '80'
    'REMOTE_ADDR' => '127.0.0.1'
    'DOCUMENT_ROOT' => 'C:/wamp2/www'
    'REQUEST_SCHEME' => 'http'
    'CONTEXT_PREFIX' => ''
    'CONTEXT_DOCUMENT_ROOT' => 'C:/wamp2/www'
    'SERVER_ADMIN' => 'wampserver@wampserver.invalid'
    'SCRIPT_FILENAME' => 'C:/wamp2/www/emp-manage/web/index.php'
    'REMOTE_PORT' => '61992'
    'REDIRECT_URL' => '/emp-manage/web/employee'
    'GATEWAY_INTERFACE' => 'CGI/1.1'
    'SERVER_PROTOCOL' => 'HTTP/1.1'
    'REQUEST_METHOD' => 'GET'
    'QUERY_STRING' => ''
    'REQUEST_URI' => '/emp-manage/web/employee'
    'SCRIPT_NAME' => '/emp-manage/web/index.php'
    'PHP_SELF' => '/emp-manage/web/index.php'
    'REQUEST_TIME_FLOAT' => 1749060283.2556
    'REQUEST_TIME' => 1749060283
]
2025-06-04 18:04:48 [127.0.0.1][-][igkc1n4sfe7oeavn94nvaofhmb][error][yii\base\UnknownPropertyException] yii\base\UnknownPropertyException: Setting unknown property: yii\grid\GridView::exportAble in C:\wamp2\www\emp-manage\vendor\yiisoft\yii2\base\Component.php:221
Stack trace:
#0 C:\wamp2\www\emp-manage\vendor\yiisoft\yii2\BaseYii.php(557): yii\base\Component->__set('exportAble', true)
#1 C:\wamp2\www\emp-manage\vendor\yiisoft\yii2\base\BaseObject.php(107): yii\BaseYii::configure(Object(yii\grid\GridView), Array)
#2 [internal function]: yii\base\BaseObject->__construct(Array)
#3 C:\wamp2\www\emp-manage\vendor\yiisoft\yii2\di\Container.php(419): ReflectionClass->newInstanceArgs(Array)
#4 C:\wamp2\www\emp-manage\vendor\yiisoft\yii2\di\Container.php(170): yii\di\Container->build('yii\\grid\\GridVi...', Array, Array)
#5 C:\wamp2\www\emp-manage\vendor\yiisoft\yii2\BaseYii.php(365): yii\di\Container->get('yii\\grid\\GridVi...', Array, Array)
#6 C:\wamp2\www\emp-manage\vendor\yiisoft\yii2\base\Widget.php(146): yii\BaseYii::createObject(Array)
#7 C:\wamp2\www\emp-manage\views\employee\index.php(29): yii\base\Widget::widget(Array)
#8 C:\wamp2\www\emp-manage\vendor\yiisoft\yii2\base\View.php(348): require('C:\\wamp2\\www\\em...')
#9 C:\wamp2\www\emp-manage\vendor\yiisoft\yii2\base\View.php(258): yii\base\View->renderPhpFile('C:\\wamp2\\www\\em...', Array)
#10 C:\wamp2\www\emp-manage\vendor\yiisoft\yii2\base\View.php(157): yii\base\View->renderFile('C:\\wamp2\\www\\em...', Array, Object(app\controllers\EmployeeController))
#11 C:\wamp2\www\emp-manage\vendor\yiisoft\yii2\base\Controller.php(407): yii\base\View->render('index', Array, Object(app\controllers\EmployeeController))
#12 C:\wamp2\www\emp-manage\controllers\EmployeeController.php(44): yii\base\Controller->render('index', Array)
#13 [internal function]: app\controllers\EmployeeController->actionIndex()
#14 C:\wamp2\www\emp-manage\vendor\yiisoft\yii2\base\InlineAction.php(57): call_user_func_array(Array, Array)
#15 C:\wamp2\www\emp-manage\vendor\yiisoft\yii2\base\Controller.php(178): yii\base\InlineAction->runWithParams(Array)
#16 C:\wamp2\www\emp-manage\vendor\yiisoft\yii2\base\Module.php(552): yii\base\Controller->runAction('', Array)
#17 C:\wamp2\www\emp-manage\vendor\yiisoft\yii2\web\Application.php(103): yii\base\Module->runAction('employee', Array)
#18 C:\wamp2\www\emp-manage\vendor\yiisoft\yii2\base\Application.php(384): yii\web\Application->handleRequest(Object(yii\web\Request))
#19 C:\wamp2\www\emp-manage\web\index.php(12): yii\base\Application->run()
#20 {main}
2025-06-04 18:04:48 [127.0.0.1][-][igkc1n4sfe7oeavn94nvaofhmb][info][application] $_GET = []

$_POST = []

$_FILES = []

$_COOKIE = [
    'PHPSESSID' => 'igkc1n4sfe7oeavn94nvaofhmb'
    '_csrf' => '397b2ed665877c6449fdc72293b102cb74de99d2702cee7c8a275417e28a936fa:2:{i:0;s:5:\"_csrf\";i:1;s:32:\"g3vAf8NlysAyvPbeouuot1yTqHOv0f_L\";}'
]

$_SESSION = [
    'passadd' => 638343961
    '__flash' => []
    '__captcha/site/captcha' => 'eanwyay'
    '__captcha/site/captchacount' => 1
]

$_SERVER = [
    'REDIRECT_STATUS' => '200'
    'HTTP_HOST' => 'localhost'
    'HTTP_USER_AGENT' => 'Mozilla/5.0 (Windows NT 10.0; Win64; x64; rv:138.0) Gecko/20100101 Firefox/138.0'
    'HTTP_ACCEPT' => 'text/html,application/xhtml+xml,application/xml;q=0.9,*/*;q=0.8'
    'HTTP_ACCEPT_LANGUAGE' => 'en-US,en;q=0.5'
    'HTTP_ACCEPT_ENCODING' => 'gzip, deflate, br, zstd'
    'HTTP_REFERER' => 'http://localhost/emp-manage/web/site/login'
    'HTTP_CONNECTION' => 'keep-alive'
    'HTTP_COOKIE' => 'PHPSESSID=igkc1n4sfe7oeavn94nvaofhmb; _csrf=397b2ed665877c6449fdc72293b102cb74de99d2702cee7c8a275417e28a936fa%3A2%3A%7Bi%3A0%3Bs%3A5%3A%22_csrf%22%3Bi%3A1%3Bs%3A32%3A%22g3vAf8NlysAyvPbeouuot1yTqHOv0f_L%22%3B%7D'
    'HTTP_UPGRADE_INSECURE_REQUESTS' => '1'
    'HTTP_SEC_FETCH_DEST' => 'document'
    'HTTP_SEC_FETCH_MODE' => 'navigate'
    'HTTP_SEC_FETCH_SITE' => 'same-origin'
    'HTTP_SEC_FETCH_USER' => '?1'
    'HTTP_PRIORITY' => 'u=0, i'
    'PATH' => 'C:\\Program Files\\Python38\\Scripts\\;C:\\Program Files\\Python38\\;C:\\WINDOWS\\system32;C:\\WINDOWS;C:\\WINDOWS\\System32\\Wbem;C:\\WINDOWS\\System32\\WindowsPowerShell\\v1.0\\;C:\\WINDOWS\\System32\\OpenSSH\\;C:\\Program Files\\nodejs\\;C:\\Program Files\\dotnet\\;C:\\wamp2\\bin\\php\\php8.2.18;C:\\ProgramData\\ComposerSetup\\bin;C:\\Program Files\\Git\\cmd;C:\\Program Files\\Docker\\Docker\\resources\\bin;C:\\WINDOWS\\system32\\config\\systemprofile\\AppData\\Local\\Microsoft\\WindowsApps'
    'SystemRoot' => 'C:\\WINDOWS'
    'COMSPEC' => 'C:\\WINDOWS\\system32\\cmd.exe'
    'PATHEXT' => '.COM;.EXE;.BAT;.CMD;.VBS;.VBE;.JS;.JSE;.WSF;.WSH;.MSC;.PY;.PYW'
    'WINDIR' => 'C:\\WINDOWS'
    'SERVER_SIGNATURE' => '<address>Apache/2.4.59 (Win64) PHP/8.2.18 mod_fcgid/2.3.10-dev Server at localhost Port 80</address>
'
    'SERVER_SOFTWARE' => 'Apache/2.4.59 (Win64) PHP/8.2.18 mod_fcgid/2.3.10-dev'
    'SERVER_NAME' => 'localhost'
    'SERVER_ADDR' => '127.0.0.1'
    'SERVER_PORT' => '80'
    'REMOTE_ADDR' => '127.0.0.1'
    'DOCUMENT_ROOT' => 'C:/wamp2/www'
    'REQUEST_SCHEME' => 'http'
    'CONTEXT_PREFIX' => ''
    'CONTEXT_DOCUMENT_ROOT' => 'C:/wamp2/www'
    'SERVER_ADMIN' => 'wampserver@wampserver.invalid'
    'SCRIPT_FILENAME' => 'C:/wamp2/www/emp-manage/web/index.php'
    'REMOTE_PORT' => '61995'
    'REDIRECT_URL' => '/emp-manage/web/employee'
    'GATEWAY_INTERFACE' => 'CGI/1.1'
    'SERVER_PROTOCOL' => 'HTTP/1.1'
    'REQUEST_METHOD' => 'GET'
    'QUERY_STRING' => ''
    'REQUEST_URI' => '/emp-manage/web/employee'
    'SCRIPT_NAME' => '/emp-manage/web/index.php'
    'PHP_SELF' => '/emp-manage/web/index.php'
    'REQUEST_TIME_FLOAT' => 1749060288.4416
    'REQUEST_TIME' => 1749060288
]
